08:16:24.116 [DEBUG] [module/model/MSST_WebUI/inference/msst_infer.py:88] Operating System: Linux #1 SMP PREEMPT_DYNAMIC Thu Jun  5 18:30:46 UTC 2025
08:16:24.118 [DEBUG] [module/model/MSST_WebUI/inference/msst_infer.py:91] Python Version: 3.11.9
08:16:24.118 [DEBUG] [module/model/MSST_WebUI/inference/msst_infer.py:94] PyTorch Version: 2.4.1+cu121
08:16:24.241 [DEBUG] [module/model/MSST_WebUI/inference/msst_infer.py:100] FFmpeg installed: ffmpeg version 4.4.2-0ubuntu0.22.04.1 Copyright (c) 2000-2021 the FFmpeg developers
08:16:24.314 [DEBUG] [module/model/MSST_WebUI/inference/msst_infer.py:63] CUDA is available in Torch, setting Torch device to CUDA
08:16:24.314 [INFO] [module/model/MSST_WebUI/inference/msst_infer.py:72] Using device: cuda:0, device_ids: [0]
08:16:25.930 [INFO] [module/model/MSST_WebUI/inference/msst_infer.py:108] Separator params: model_type: mel_band_roformer, model_path: /workspace/AniTTS-Builder-v3/module/model/MSST_WebUI/pretrain/vocal_models/Kim_MelBandRoformer.ckpt, config_path: /workspace/AniTTS-Builder-v3/module/model/MSST_WebUI/configs_backup/vocal_models/config_Kim_MelBandRoformer.yaml
08:16:25.931 [INFO] [module/model/MSST_WebUI/inference/msst_infer.py:109] Separator params: output_folder: ./data/audio_wav, output_format: wav
08:16:25.931 [INFO] [module/model/MSST_WebUI/inference/msst_infer.py:110] Model params: instruments: ['vocals', 'other'], target_instrument: vocals
08:16:25.932 [DEBUG] [module/model/MSST_WebUI/inference/msst_infer.py:111] Model params: batch_size: 1, num_overlap: 4, dim_t: 256, normalize: None, use_tta: False
08:20:05.240 [DEBUG] [module/model/MSST_WebUI/inference/msst_infer.py:88] Operating System: Linux #1 SMP PREEMPT_DYNAMIC Thu Jun  5 18:30:46 UTC 2025
08:20:05.242 [DEBUG] [module/model/MSST_WebUI/inference/msst_infer.py:91] Python Version: 3.11.9
08:20:05.242 [DEBUG] [module/model/MSST_WebUI/inference/msst_infer.py:94] PyTorch Version: 2.4.1+cu121
08:20:05.284 [DEBUG] [module/model/MSST_WebUI/inference/msst_infer.py:100] FFmpeg installed: ffmpeg version 4.4.2-0ubuntu0.22.04.1 Copyright (c) 2000-2021 the FFmpeg developers
08:20:05.321 [DEBUG] [module/model/MSST_WebUI/inference/msst_infer.py:63] CUDA is available in Torch, setting Torch device to CUDA
08:20:05.321 [INFO] [module/model/MSST_WebUI/inference/msst_infer.py:72] Using device: cuda:0, device_ids: [0]
08:20:06.823 [INFO] [module/model/MSST_WebUI/inference/msst_infer.py:108] Separator params: model_type: mel_band_roformer, model_path: /workspace/AniTTS-Builder-v3/module/model/MSST_WebUI/pretrain/vocal_models/Kim_MelBandRoformer.ckpt, config_path: /workspace/AniTTS-Builder-v3/module/model/MSST_WebUI/configs_backup/vocal_models/config_Kim_MelBandRoformer.yaml
08:20:06.824 [INFO] [module/model/MSST_WebUI/inference/msst_infer.py:109] Separator params: output_folder: ./data/audio_wav, output_format: wav
08:20:06.824 [INFO] [module/model/MSST_WebUI/inference/msst_infer.py:110] Model params: instruments: ['vocals', 'other'], target_instrument: vocals
08:20:06.824 [DEBUG] [module/model/MSST_WebUI/inference/msst_infer.py:111] Model params: batch_size: 1, num_overlap: 4, dim_t: 256, normalize: None, use_tta: False
08:20:11.177 [DEBUG] [module/model/MSST_WebUI/inference/msst_infer.py:125] Loading model completed, duration: 5.86 seconds
08:20:11.181 [INFO] [module/model/MSST_WebUI/inference/msst_infer.py:134] Input_folder: ./data/audio_wav, Total files found: 25
08:20:38.278 [DEBUG] [module/model/MSST_WebUI/inference/msst_infer.py:157] Starting separation process for audio_file: ./data/audio_wav/[Moozzi2] Steins;Gate - 01 (BD 1920x1080 x.265 Flac).wav
08:20:38.278 [DEBUG] [module/model/MSST_WebUI/inference/msst_infer.py:182] Target instrument is not null, set primary_stem to target_instrument, secondary_stem will be calculated by mix - target_instrument
08:21:53.133 [DEBUG] [module/model/MSST_WebUI/inference/msst_infer.py:203] Finished demixing tracks.
08:21:53.267 [DEBUG] [module/model/MSST_WebUI/inference/msst_infer.py:219] Starting to extract waveforms for instruments: ['vocals']
08:21:53.268 [DEBUG] [module/model/MSST_WebUI/inference/msst_infer.py:233] target_instrument is not null, extracting instrumental from vocals, other_instruments: ['other']
08:21:53.346 [DEBUG] [module/model/MSST_WebUI/inference/msst_infer.py:245] Separation process completed.
08:21:53.350 [DEBUG] [module/model/MSST_WebUI/inference/msst_infer.py:159] Separation audio_file: ./data/audio_wav/[Moozzi2] Steins;Gate - 01 (BD 1920x1080 x.265 Flac).wav completed. Starting to save results.
08:21:55.952 [DEBUG] [module/model/MSST_WebUI/inference/msst_infer.py:168] Saved vocals for [Moozzi2] Steins;Gate - 01 (BD 1920x1080 x.265 Flac)_vocals.wav in ./data/audio_wav
08:21:58.529 [DEBUG] [module/model/MSST_WebUI/inference/msst_infer.py:168] Saved other for [Moozzi2] Steins;Gate - 01 (BD 1920x1080 x.265 Flac)_other.wav in ./data/audio_wav
08:22:20.231 [DEBUG] [module/model/MSST_WebUI/inference/msst_infer.py:157] Starting separation process for audio_file: ./data/audio_wav/[Moozzi2] Steins;Gate - 02 (BD 1920x1080 x.265 Flac).wav
08:22:20.232 [DEBUG] [module/model/MSST_WebUI/inference/msst_infer.py:182] Target instrument is not null, set primary_stem to target_instrument, secondary_stem will be calculated by mix - target_instrument
08:23:34.584 [DEBUG] [module/model/MSST_WebUI/inference/msst_infer.py:203] Finished demixing tracks.
08:23:34.705 [DEBUG] [module/model/MSST_WebUI/inference/msst_infer.py:219] Starting to extract waveforms for instruments: ['vocals']
08:23:34.706 [DEBUG] [module/model/MSST_WebUI/inference/msst_infer.py:233] target_instrument is not null, extracting instrumental from vocals, other_instruments: ['other']
08:23:34.780 [DEBUG] [module/model/MSST_WebUI/inference/msst_infer.py:245] Separation process completed.
08:23:34.789 [DEBUG] [module/model/MSST_WebUI/inference/msst_infer.py:159] Separation audio_file: ./data/audio_wav/[Moozzi2] Steins;Gate - 02 (BD 1920x1080 x.265 Flac).wav completed. Starting to save results.
08:23:37.425 [DEBUG] [module/model/MSST_WebUI/inference/msst_infer.py:168] Saved vocals for [Moozzi2] Steins;Gate - 02 (BD 1920x1080 x.265 Flac)_vocals.wav in ./data/audio_wav
08:23:40.139 [DEBUG] [module/model/MSST_WebUI/inference/msst_infer.py:168] Saved other for [Moozzi2] Steins;Gate - 02 (BD 1920x1080 x.265 Flac)_other.wav in ./data/audio_wav
08:24:02.804 [DEBUG] [module/model/MSST_WebUI/inference/msst_infer.py:157] Starting separation process for audio_file: ./data/audio_wav/[Moozzi2] Steins;Gate - 03 (BD 1920x1080 x.265 Flac).wav
08:24:02.805 [DEBUG] [module/model/MSST_WebUI/inference/msst_infer.py:182] Target instrument is not null, set primary_stem to target_instrument, secondary_stem will be calculated by mix - target_instrument
08:25:19.089 [DEBUG] [module/model/MSST_WebUI/inference/msst_infer.py:203] Finished demixing tracks.
08:25:19.214 [DEBUG] [module/model/MSST_WebUI/inference/msst_infer.py:219] Starting to extract waveforms for instruments: ['vocals']
08:25:19.215 [DEBUG] [module/model/MSST_WebUI/inference/msst_infer.py:233] target_instrument is not null, extracting instrumental from vocals, other_instruments: ['other']
08:25:19.294 [DEBUG] [module/model/MSST_WebUI/inference/msst_infer.py:245] Separation process completed.
08:25:19.302 [DEBUG] [module/model/MSST_WebUI/inference/msst_infer.py:159] Separation audio_file: ./data/audio_wav/[Moozzi2] Steins;Gate - 03 (BD 1920x1080 x.265 Flac).wav completed. Starting to save results.
08:25:21.977 [DEBUG] [module/model/MSST_WebUI/inference/msst_infer.py:168] Saved vocals for [Moozzi2] Steins;Gate - 03 (BD 1920x1080 x.265 Flac)_vocals.wav in ./data/audio_wav
08:25:24.707 [DEBUG] [module/model/MSST_WebUI/inference/msst_infer.py:168] Saved other for [Moozzi2] Steins;Gate - 03 (BD 1920x1080 x.265 Flac)_other.wav in ./data/audio_wav
08:25:47.361 [DEBUG] [module/model/MSST_WebUI/inference/msst_infer.py:157] Starting separation process for audio_file: ./data/audio_wav/[Moozzi2] Steins;Gate - 04 (BD 1920x1080 x.265 Flac).wav
08:25:47.361 [DEBUG] [module/model/MSST_WebUI/inference/msst_infer.py:182] Target instrument is not null, set primary_stem to target_instrument, secondary_stem will be calculated by mix - target_instrument
08:27:04.917 [DEBUG] [module/model/MSST_WebUI/inference/msst_infer.py:203] Finished demixing tracks.
08:27:05.039 [DEBUG] [module/model/MSST_WebUI/inference/msst_infer.py:219] Starting to extract waveforms for instruments: ['vocals']
08:27:05.040 [DEBUG] [module/model/MSST_WebUI/inference/msst_infer.py:233] target_instrument is not null, extracting instrumental from vocals, other_instruments: ['other']
08:27:05.115 [DEBUG] [module/model/MSST_WebUI/inference/msst_infer.py:245] Separation process completed.
08:27:05.123 [DEBUG] [module/model/MSST_WebUI/inference/msst_infer.py:159] Separation audio_file: ./data/audio_wav/[Moozzi2] Steins;Gate - 04 (BD 1920x1080 x.265 Flac).wav completed. Starting to save results.
08:27:07.706 [DEBUG] [module/model/MSST_WebUI/inference/msst_infer.py:168] Saved vocals for [Moozzi2] Steins;Gate - 04 (BD 1920x1080 x.265 Flac)_vocals.wav in ./data/audio_wav
08:27:10.319 [DEBUG] [module/model/MSST_WebUI/inference/msst_infer.py:168] Saved other for [Moozzi2] Steins;Gate - 04 (BD 1920x1080 x.265 Flac)_other.wav in ./data/audio_wav
08:27:32.977 [DEBUG] [module/model/MSST_WebUI/inference/msst_infer.py:157] Starting separation process for audio_file: ./data/audio_wav/[Moozzi2] Steins;Gate - 05 (BD 1920x1080 x.265 Flac).wav
08:27:32.977 [DEBUG] [module/model/MSST_WebUI/inference/msst_infer.py:182] Target instrument is not null, set primary_stem to target_instrument, secondary_stem will be calculated by mix - target_instrument
08:28:48.342 [DEBUG] [module/model/MSST_WebUI/inference/msst_infer.py:203] Finished demixing tracks.
08:28:48.466 [DEBUG] [module/model/MSST_WebUI/inference/msst_infer.py:219] Starting to extract waveforms for instruments: ['vocals']
08:28:48.466 [DEBUG] [module/model/MSST_WebUI/inference/msst_infer.py:233] target_instrument is not null, extracting instrumental from vocals, other_instruments: ['other']
08:28:48.542 [DEBUG] [module/model/MSST_WebUI/inference/msst_infer.py:245] Separation process completed.
08:28:48.552 [DEBUG] [module/model/MSST_WebUI/inference/msst_infer.py:159] Separation audio_file: ./data/audio_wav/[Moozzi2] Steins;Gate - 05 (BD 1920x1080 x.265 Flac).wav completed. Starting to save results.
08:28:51.303 [DEBUG] [module/model/MSST_WebUI/inference/msst_infer.py:168] Saved vocals for [Moozzi2] Steins;Gate - 05 (BD 1920x1080 x.265 Flac)_vocals.wav in ./data/audio_wav
08:28:54.084 [DEBUG] [module/model/MSST_WebUI/inference/msst_infer.py:168] Saved other for [Moozzi2] Steins;Gate - 05 (BD 1920x1080 x.265 Flac)_other.wav in ./data/audio_wav
08:29:17.240 [DEBUG] [module/model/MSST_WebUI/inference/msst_infer.py:157] Starting separation process for audio_file: ./data/audio_wav/[Moozzi2] Steins;Gate - 06 (BD 1920x1080 x.265 Flac).wav
08:29:17.241 [DEBUG] [module/model/MSST_WebUI/inference/msst_infer.py:182] Target instrument is not null, set primary_stem to target_instrument, secondary_stem will be calculated by mix - target_instrument
08:30:31.319 [DEBUG] [module/model/MSST_WebUI/inference/msst_infer.py:203] Finished demixing tracks.
08:30:31.445 [DEBUG] [module/model/MSST_WebUI/inference/msst_infer.py:219] Starting to extract waveforms for instruments: ['vocals']
08:30:31.445 [DEBUG] [module/model/MSST_WebUI/inference/msst_infer.py:233] target_instrument is not null, extracting instrumental from vocals, other_instruments: ['other']
08:30:31.527 [DEBUG] [module/model/MSST_WebUI/inference/msst_infer.py:245] Separation process completed.
08:30:31.536 [DEBUG] [module/model/MSST_WebUI/inference/msst_infer.py:159] Separation audio_file: ./data/audio_wav/[Moozzi2] Steins;Gate - 06 (BD 1920x1080 x.265 Flac).wav completed. Starting to save results.
08:30:34.203 [DEBUG] [module/model/MSST_WebUI/inference/msst_infer.py:168] Saved vocals for [Moozzi2] Steins;Gate - 06 (BD 1920x1080 x.265 Flac)_vocals.wav in ./data/audio_wav
08:30:36.823 [DEBUG] [module/model/MSST_WebUI/inference/msst_infer.py:168] Saved other for [Moozzi2] Steins;Gate - 06 (BD 1920x1080 x.265 Flac)_other.wav in ./data/audio_wav
08:30:59.611 [DEBUG] [module/model/MSST_WebUI/inference/msst_infer.py:157] Starting separation process for audio_file: ./data/audio_wav/[Moozzi2] Steins;Gate - 07 (BD 1920x1080 x.265 Flac).wav
08:30:59.611 [DEBUG] [module/model/MSST_WebUI/inference/msst_infer.py:182] Target instrument is not null, set primary_stem to target_instrument, secondary_stem will be calculated by mix - target_instrument
08:32:14.813 [DEBUG] [module/model/MSST_WebUI/inference/msst_infer.py:203] Finished demixing tracks.
08:32:14.938 [DEBUG] [module/model/MSST_WebUI/inference/msst_infer.py:219] Starting to extract waveforms for instruments: ['vocals']
08:32:14.938 [DEBUG] [module/model/MSST_WebUI/inference/msst_infer.py:233] target_instrument is not null, extracting instrumental from vocals, other_instruments: ['other']
08:32:15.016 [DEBUG] [module/model/MSST_WebUI/inference/msst_infer.py:245] Separation process completed.
08:32:15.025 [DEBUG] [module/model/MSST_WebUI/inference/msst_infer.py:159] Separation audio_file: ./data/audio_wav/[Moozzi2] Steins;Gate - 07 (BD 1920x1080 x.265 Flac).wav completed. Starting to save results.
08:32:17.645 [DEBUG] [module/model/MSST_WebUI/inference/msst_infer.py:168] Saved vocals for [Moozzi2] Steins;Gate - 07 (BD 1920x1080 x.265 Flac)_vocals.wav in ./data/audio_wav
08:32:20.427 [DEBUG] [module/model/MSST_WebUI/inference/msst_infer.py:168] Saved other for [Moozzi2] Steins;Gate - 07 (BD 1920x1080 x.265 Flac)_other.wav in ./data/audio_wav
08:32:43.350 [DEBUG] [module/model/MSST_WebUI/inference/msst_infer.py:157] Starting separation process for audio_file: ./data/audio_wav/[Moozzi2] Steins;Gate - 08 (BD 1920x1080 x.265 Flac).wav
08:32:43.351 [DEBUG] [module/model/MSST_WebUI/inference/msst_infer.py:182] Target instrument is not null, set primary_stem to target_instrument, secondary_stem will be calculated by mix - target_instrument
08:33:58.982 [DEBUG] [module/model/MSST_WebUI/inference/msst_infer.py:203] Finished demixing tracks.
08:33:59.129 [DEBUG] [module/model/MSST_WebUI/inference/msst_infer.py:219] Starting to extract waveforms for instruments: ['vocals']
08:33:59.130 [DEBUG] [module/model/MSST_WebUI/inference/msst_infer.py:233] target_instrument is not null, extracting instrumental from vocals, other_instruments: ['other']
08:33:59.210 [DEBUG] [module/model/MSST_WebUI/inference/msst_infer.py:245] Separation process completed.
08:33:59.220 [DEBUG] [module/model/MSST_WebUI/inference/msst_infer.py:159] Separation audio_file: ./data/audio_wav/[Moozzi2] Steins;Gate - 08 (BD 1920x1080 x.265 Flac).wav completed. Starting to save results.
08:34:01.951 [DEBUG] [module/model/MSST_WebUI/inference/msst_infer.py:168] Saved vocals for [Moozzi2] Steins;Gate - 08 (BD 1920x1080 x.265 Flac)_vocals.wav in ./data/audio_wav
08:34:04.638 [DEBUG] [module/model/MSST_WebUI/inference/msst_infer.py:168] Saved other for [Moozzi2] Steins;Gate - 08 (BD 1920x1080 x.265 Flac)_other.wav in ./data/audio_wav
08:34:27.601 [DEBUG] [module/model/MSST_WebUI/inference/msst_infer.py:157] Starting separation process for audio_file: ./data/audio_wav/[Moozzi2] Steins;Gate - 09 (BD 1920x1080 x.265 Flac).wav
08:34:27.601 [DEBUG] [module/model/MSST_WebUI/inference/msst_infer.py:182] Target instrument is not null, set primary_stem to target_instrument, secondary_stem will be calculated by mix - target_instrument
08:35:41.369 [DEBUG] [module/model/MSST_WebUI/inference/msst_infer.py:203] Finished demixing tracks.
08:35:41.492 [DEBUG] [module/model/MSST_WebUI/inference/msst_infer.py:219] Starting to extract waveforms for instruments: ['vocals']
08:35:41.493 [DEBUG] [module/model/MSST_WebUI/inference/msst_infer.py:233] target_instrument is not null, extracting instrumental from vocals, other_instruments: ['other']
08:35:41.643 [DEBUG] [module/model/MSST_WebUI/inference/msst_infer.py:245] Separation process completed.
08:35:41.652 [DEBUG] [module/model/MSST_WebUI/inference/msst_infer.py:159] Separation audio_file: ./data/audio_wav/[Moozzi2] Steins;Gate - 09 (BD 1920x1080 x.265 Flac).wav completed. Starting to save results.
08:35:44.395 [DEBUG] [module/model/MSST_WebUI/inference/msst_infer.py:168] Saved vocals for [Moozzi2] Steins;Gate - 09 (BD 1920x1080 x.265 Flac)_vocals.wav in ./data/audio_wav
08:35:47.113 [DEBUG] [module/model/MSST_WebUI/inference/msst_infer.py:168] Saved other for [Moozzi2] Steins;Gate - 09 (BD 1920x1080 x.265 Flac)_other.wav in ./data/audio_wav
08:36:10.061 [DEBUG] [module/model/MSST_WebUI/inference/msst_infer.py:157] Starting separation process for audio_file: ./data/audio_wav/[Moozzi2] Steins;Gate - 10 (BD 1920x1080 x.265 Flac).wav
08:36:10.061 [DEBUG] [module/model/MSST_WebUI/inference/msst_infer.py:182] Target instrument is not null, set primary_stem to target_instrument, secondary_stem will be calculated by mix - target_instrument
08:37:25.092 [DEBUG] [module/model/MSST_WebUI/inference/msst_infer.py:203] Finished demixing tracks.
08:37:25.214 [DEBUG] [module/model/MSST_WebUI/inference/msst_infer.py:219] Starting to extract waveforms for instruments: ['vocals']
08:37:25.214 [DEBUG] [module/model/MSST_WebUI/inference/msst_infer.py:233] target_instrument is not null, extracting instrumental from vocals, other_instruments: ['other']
08:37:25.372 [DEBUG] [module/model/MSST_WebUI/inference/msst_infer.py:245] Separation process completed.
08:37:25.381 [DEBUG] [module/model/MSST_WebUI/inference/msst_infer.py:159] Separation audio_file: ./data/audio_wav/[Moozzi2] Steins;Gate - 10 (BD 1920x1080 x.265 Flac).wav completed. Starting to save results.
08:37:28.056 [DEBUG] [module/model/MSST_WebUI/inference/msst_infer.py:168] Saved vocals for [Moozzi2] Steins;Gate - 10 (BD 1920x1080 x.265 Flac)_vocals.wav in ./data/audio_wav
08:37:30.675 [DEBUG] [module/model/MSST_WebUI/inference/msst_infer.py:168] Saved other for [Moozzi2] Steins;Gate - 10 (BD 1920x1080 x.265 Flac)_other.wav in ./data/audio_wav
08:37:53.757 [DEBUG] [module/model/MSST_WebUI/inference/msst_infer.py:157] Starting separation process for audio_file: ./data/audio_wav/[Moozzi2] Steins;Gate - 11 (BD 1920x1080 x.265 Flac).wav
08:37:53.758 [DEBUG] [module/model/MSST_WebUI/inference/msst_infer.py:182] Target instrument is not null, set primary_stem to target_instrument, secondary_stem will be calculated by mix - target_instrument
08:39:08.883 [DEBUG] [module/model/MSST_WebUI/inference/msst_infer.py:203] Finished demixing tracks.
08:39:09.000 [DEBUG] [module/model/MSST_WebUI/inference/msst_infer.py:219] Starting to extract waveforms for instruments: ['vocals']
08:39:09.001 [DEBUG] [module/model/MSST_WebUI/inference/msst_infer.py:233] target_instrument is not null, extracting instrumental from vocals, other_instruments: ['other']
08:39:09.143 [DEBUG] [module/model/MSST_WebUI/inference/msst_infer.py:245] Separation process completed.
08:39:09.152 [DEBUG] [module/model/MSST_WebUI/inference/msst_infer.py:159] Separation audio_file: ./data/audio_wav/[Moozzi2] Steins;Gate - 11 (BD 1920x1080 x.265 Flac).wav completed. Starting to save results.
08:39:11.838 [DEBUG] [module/model/MSST_WebUI/inference/msst_infer.py:168] Saved vocals for [Moozzi2] Steins;Gate - 11 (BD 1920x1080 x.265 Flac)_vocals.wav in ./data/audio_wav
08:39:14.342 [DEBUG] [module/model/MSST_WebUI/inference/msst_infer.py:168] Saved other for [Moozzi2] Steins;Gate - 11 (BD 1920x1080 x.265 Flac)_other.wav in ./data/audio_wav
08:39:42.143 [DEBUG] [module/model/MSST_WebUI/inference/msst_infer.py:157] Starting separation process for audio_file: ./data/audio_wav/[Moozzi2] Steins;Gate - 12 (BD 1920x1080 x.265 Flac).wav
08:39:42.143 [DEBUG] [module/model/MSST_WebUI/inference/msst_infer.py:182] Target instrument is not null, set primary_stem to target_instrument, secondary_stem will be calculated by mix - target_instrument
08:40:56.808 [DEBUG] [module/model/MSST_WebUI/inference/msst_infer.py:203] Finished demixing tracks.
08:40:56.930 [DEBUG] [module/model/MSST_WebUI/inference/msst_infer.py:219] Starting to extract waveforms for instruments: ['vocals']
08:40:56.931 [DEBUG] [module/model/MSST_WebUI/inference/msst_infer.py:233] target_instrument is not null, extracting instrumental from vocals, other_instruments: ['other']
08:40:57.009 [DEBUG] [module/model/MSST_WebUI/inference/msst_infer.py:245] Separation process completed.
08:40:57.019 [DEBUG] [module/model/MSST_WebUI/inference/msst_infer.py:159] Separation audio_file: ./data/audio_wav/[Moozzi2] Steins;Gate - 12 (BD 1920x1080 x.265 Flac).wav completed. Starting to save results.
08:40:59.602 [DEBUG] [module/model/MSST_WebUI/inference/msst_infer.py:168] Saved vocals for [Moozzi2] Steins;Gate - 12 (BD 1920x1080 x.265 Flac)_vocals.wav in ./data/audio_wav
08:41:02.153 [DEBUG] [module/model/MSST_WebUI/inference/msst_infer.py:168] Saved other for [Moozzi2] Steins;Gate - 12 (BD 1920x1080 x.265 Flac)_other.wav in ./data/audio_wav
08:41:29.644 [DEBUG] [module/model/MSST_WebUI/inference/msst_infer.py:157] Starting separation process for audio_file: ./data/audio_wav/[Moozzi2] Steins;Gate - 13 (BD 1920x1080 x.265 Flac).wav
08:41:29.645 [DEBUG] [module/model/MSST_WebUI/inference/msst_infer.py:182] Target instrument is not null, set primary_stem to target_instrument, secondary_stem will be calculated by mix - target_instrument
08:42:43.765 [DEBUG] [module/model/MSST_WebUI/inference/msst_infer.py:203] Finished demixing tracks.
08:42:43.887 [DEBUG] [module/model/MSST_WebUI/inference/msst_infer.py:219] Starting to extract waveforms for instruments: ['vocals']
08:42:43.888 [DEBUG] [module/model/MSST_WebUI/inference/msst_infer.py:233] target_instrument is not null, extracting instrumental from vocals, other_instruments: ['other']
08:42:44.143 [DEBUG] [module/model/MSST_WebUI/inference/msst_infer.py:245] Separation process completed.
08:42:44.151 [DEBUG] [module/model/MSST_WebUI/inference/msst_infer.py:159] Separation audio_file: ./data/audio_wav/[Moozzi2] Steins;Gate - 13 (BD 1920x1080 x.265 Flac).wav completed. Starting to save results.
08:42:46.797 [DEBUG] [module/model/MSST_WebUI/inference/msst_infer.py:168] Saved vocals for [Moozzi2] Steins;Gate - 13 (BD 1920x1080 x.265 Flac)_vocals.wav in ./data/audio_wav
08:42:49.423 [DEBUG] [module/model/MSST_WebUI/inference/msst_infer.py:168] Saved other for [Moozzi2] Steins;Gate - 13 (BD 1920x1080 x.265 Flac)_other.wav in ./data/audio_wav
08:43:12.863 [DEBUG] [module/model/MSST_WebUI/inference/msst_infer.py:157] Starting separation process for audio_file: ./data/audio_wav/[Moozzi2] Steins;Gate - 14 (BD 1920x1080 x.265 Flac).wav
08:43:12.864 [DEBUG] [module/model/MSST_WebUI/inference/msst_infer.py:182] Target instrument is not null, set primary_stem to target_instrument, secondary_stem will be calculated by mix - target_instrument
08:44:26.184 [DEBUG] [module/model/MSST_WebUI/inference/msst_infer.py:203] Finished demixing tracks.
08:44:26.304 [DEBUG] [module/model/MSST_WebUI/inference/msst_infer.py:219] Starting to extract waveforms for instruments: ['vocals']
08:44:26.305 [DEBUG] [module/model/MSST_WebUI/inference/msst_infer.py:233] target_instrument is not null, extracting instrumental from vocals, other_instruments: ['other']
08:44:26.379 [DEBUG] [module/model/MSST_WebUI/inference/msst_infer.py:245] Separation process completed.
08:44:26.388 [DEBUG] [module/model/MSST_WebUI/inference/msst_infer.py:159] Separation audio_file: ./data/audio_wav/[Moozzi2] Steins;Gate - 14 (BD 1920x1080 x.265 Flac).wav completed. Starting to save results.
08:44:28.937 [DEBUG] [module/model/MSST_WebUI/inference/msst_infer.py:168] Saved vocals for [Moozzi2] Steins;Gate - 14 (BD 1920x1080 x.265 Flac)_vocals.wav in ./data/audio_wav
08:44:31.490 [DEBUG] [module/model/MSST_WebUI/inference/msst_infer.py:168] Saved other for [Moozzi2] Steins;Gate - 14 (BD 1920x1080 x.265 Flac)_other.wav in ./data/audio_wav
08:44:54.597 [DEBUG] [module/model/MSST_WebUI/inference/msst_infer.py:157] Starting separation process for audio_file: ./data/audio_wav/[Moozzi2] Steins;Gate - 15 (BD 1920x1080 x.265 Flac).wav
08:44:54.597 [DEBUG] [module/model/MSST_WebUI/inference/msst_infer.py:182] Target instrument is not null, set primary_stem to target_instrument, secondary_stem will be calculated by mix - target_instrument
08:46:07.684 [DEBUG] [module/model/MSST_WebUI/inference/msst_infer.py:203] Finished demixing tracks.
08:46:07.804 [DEBUG] [module/model/MSST_WebUI/inference/msst_infer.py:219] Starting to extract waveforms for instruments: ['vocals']
08:46:07.805 [DEBUG] [module/model/MSST_WebUI/inference/msst_infer.py:233] target_instrument is not null, extracting instrumental from vocals, other_instruments: ['other']
08:46:07.879 [DEBUG] [module/model/MSST_WebUI/inference/msst_infer.py:245] Separation process completed.
08:46:07.889 [DEBUG] [module/model/MSST_WebUI/inference/msst_infer.py:159] Separation audio_file: ./data/audio_wav/[Moozzi2] Steins;Gate - 15 (BD 1920x1080 x.265 Flac).wav completed. Starting to save results.
08:46:10.460 [DEBUG] [module/model/MSST_WebUI/inference/msst_infer.py:168] Saved vocals for [Moozzi2] Steins;Gate - 15 (BD 1920x1080 x.265 Flac)_vocals.wav in ./data/audio_wav
08:46:13.065 [DEBUG] [module/model/MSST_WebUI/inference/msst_infer.py:168] Saved other for [Moozzi2] Steins;Gate - 15 (BD 1920x1080 x.265 Flac)_other.wav in ./data/audio_wav
08:46:35.666 [DEBUG] [module/model/MSST_WebUI/inference/msst_infer.py:157] Starting separation process for audio_file: ./data/audio_wav/[Moozzi2] Steins;Gate - 16 (BD 1920x1080 x.265 Flac).wav
08:46:35.666 [DEBUG] [module/model/MSST_WebUI/inference/msst_infer.py:182] Target instrument is not null, set primary_stem to target_instrument, secondary_stem will be calculated by mix - target_instrument
08:47:49.312 [DEBUG] [module/model/MSST_WebUI/inference/msst_infer.py:203] Finished demixing tracks.
08:47:49.433 [DEBUG] [module/model/MSST_WebUI/inference/msst_infer.py:219] Starting to extract waveforms for instruments: ['vocals']
08:47:49.434 [DEBUG] [module/model/MSST_WebUI/inference/msst_infer.py:233] target_instrument is not null, extracting instrumental from vocals, other_instruments: ['other']
08:47:49.510 [DEBUG] [module/model/MSST_WebUI/inference/msst_infer.py:245] Separation process completed.
08:47:49.518 [DEBUG] [module/model/MSST_WebUI/inference/msst_infer.py:159] Separation audio_file: ./data/audio_wav/[Moozzi2] Steins;Gate - 16 (BD 1920x1080 x.265 Flac).wav completed. Starting to save results.
08:47:52.089 [DEBUG] [module/model/MSST_WebUI/inference/msst_infer.py:168] Saved vocals for [Moozzi2] Steins;Gate - 16 (BD 1920x1080 x.265 Flac)_vocals.wav in ./data/audio_wav
08:47:54.656 [DEBUG] [module/model/MSST_WebUI/inference/msst_infer.py:168] Saved other for [Moozzi2] Steins;Gate - 16 (BD 1920x1080 x.265 Flac)_other.wav in ./data/audio_wav
08:48:17.792 [DEBUG] [module/model/MSST_WebUI/inference/msst_infer.py:157] Starting separation process for audio_file: ./data/audio_wav/[Moozzi2] Steins;Gate - 17 (BD 1920x1080 x.265 Flac).wav
08:48:17.793 [DEBUG] [module/model/MSST_WebUI/inference/msst_infer.py:182] Target instrument is not null, set primary_stem to target_instrument, secondary_stem will be calculated by mix - target_instrument
08:49:30.864 [DEBUG] [module/model/MSST_WebUI/inference/msst_infer.py:203] Finished demixing tracks.
08:49:30.984 [DEBUG] [module/model/MSST_WebUI/inference/msst_infer.py:219] Starting to extract waveforms for instruments: ['vocals']
08:49:30.984 [DEBUG] [module/model/MSST_WebUI/inference/msst_infer.py:233] target_instrument is not null, extracting instrumental from vocals, other_instruments: ['other']
08:49:31.059 [DEBUG] [module/model/MSST_WebUI/inference/msst_infer.py:245] Separation process completed.
08:49:31.068 [DEBUG] [module/model/MSST_WebUI/inference/msst_infer.py:159] Separation audio_file: ./data/audio_wav/[Moozzi2] Steins;Gate - 17 (BD 1920x1080 x.265 Flac).wav completed. Starting to save results.
08:49:33.650 [DEBUG] [module/model/MSST_WebUI/inference/msst_infer.py:168] Saved vocals for [Moozzi2] Steins;Gate - 17 (BD 1920x1080 x.265 Flac)_vocals.wav in ./data/audio_wav
08:49:36.187 [DEBUG] [module/model/MSST_WebUI/inference/msst_infer.py:168] Saved other for [Moozzi2] Steins;Gate - 17 (BD 1920x1080 x.265 Flac)_other.wav in ./data/audio_wav
08:49:59.332 [DEBUG] [module/model/MSST_WebUI/inference/msst_infer.py:157] Starting separation process for audio_file: ./data/audio_wav/[Moozzi2] Steins;Gate - 18 (BD 1920x1080 x.265 Flac).wav
08:49:59.332 [DEBUG] [module/model/MSST_WebUI/inference/msst_infer.py:182] Target instrument is not null, set primary_stem to target_instrument, secondary_stem will be calculated by mix - target_instrument
08:51:12.427 [DEBUG] [module/model/MSST_WebUI/inference/msst_infer.py:203] Finished demixing tracks.
08:51:12.548 [DEBUG] [module/model/MSST_WebUI/inference/msst_infer.py:219] Starting to extract waveforms for instruments: ['vocals']
08:51:12.548 [DEBUG] [module/model/MSST_WebUI/inference/msst_infer.py:233] target_instrument is not null, extracting instrumental from vocals, other_instruments: ['other']
08:51:12.622 [DEBUG] [module/model/MSST_WebUI/inference/msst_infer.py:245] Separation process completed.
08:51:12.630 [DEBUG] [module/model/MSST_WebUI/inference/msst_infer.py:159] Separation audio_file: ./data/audio_wav/[Moozzi2] Steins;Gate - 18 (BD 1920x1080 x.265 Flac).wav completed. Starting to save results.
08:51:15.240 [DEBUG] [module/model/MSST_WebUI/inference/msst_infer.py:168] Saved vocals for [Moozzi2] Steins;Gate - 18 (BD 1920x1080 x.265 Flac)_vocals.wav in ./data/audio_wav
08:51:17.824 [DEBUG] [module/model/MSST_WebUI/inference/msst_infer.py:168] Saved other for [Moozzi2] Steins;Gate - 18 (BD 1920x1080 x.265 Flac)_other.wav in ./data/audio_wav
08:51:41.104 [DEBUG] [module/model/MSST_WebUI/inference/msst_infer.py:157] Starting separation process for audio_file: ./data/audio_wav/[Moozzi2] Steins;Gate - 19 (BD 1920x1080 x.265 Flac).wav
08:51:41.104 [DEBUG] [module/model/MSST_WebUI/inference/msst_infer.py:182] Target instrument is not null, set primary_stem to target_instrument, secondary_stem will be calculated by mix - target_instrument
08:52:54.637 [DEBUG] [module/model/MSST_WebUI/inference/msst_infer.py:203] Finished demixing tracks.
08:52:54.757 [DEBUG] [module/model/MSST_WebUI/inference/msst_infer.py:219] Starting to extract waveforms for instruments: ['vocals']
08:52:54.757 [DEBUG] [module/model/MSST_WebUI/inference/msst_infer.py:233] target_instrument is not null, extracting instrumental from vocals, other_instruments: ['other']
08:52:54.830 [DEBUG] [module/model/MSST_WebUI/inference/msst_infer.py:245] Separation process completed.
08:52:54.840 [DEBUG] [module/model/MSST_WebUI/inference/msst_infer.py:159] Separation audio_file: ./data/audio_wav/[Moozzi2] Steins;Gate - 19 (BD 1920x1080 x.265 Flac).wav completed. Starting to save results.
08:52:57.424 [DEBUG] [module/model/MSST_WebUI/inference/msst_infer.py:168] Saved vocals for [Moozzi2] Steins;Gate - 19 (BD 1920x1080 x.265 Flac)_vocals.wav in ./data/audio_wav
08:52:59.985 [DEBUG] [module/model/MSST_WebUI/inference/msst_infer.py:168] Saved other for [Moozzi2] Steins;Gate - 19 (BD 1920x1080 x.265 Flac)_other.wav in ./data/audio_wav
08:53:23.085 [DEBUG] [module/model/MSST_WebUI/inference/msst_infer.py:157] Starting separation process for audio_file: ./data/audio_wav/[Moozzi2] Steins;Gate - 20 (BD 1920x1080 x.265 Flac).wav
08:53:23.085 [DEBUG] [module/model/MSST_WebUI/inference/msst_infer.py:182] Target instrument is not null, set primary_stem to target_instrument, secondary_stem will be calculated by mix - target_instrument
08:54:36.449 [DEBUG] [module/model/MSST_WebUI/inference/msst_infer.py:203] Finished demixing tracks.
08:54:36.569 [DEBUG] [module/model/MSST_WebUI/inference/msst_infer.py:219] Starting to extract waveforms for instruments: ['vocals']
08:54:36.569 [DEBUG] [module/model/MSST_WebUI/inference/msst_infer.py:233] target_instrument is not null, extracting instrumental from vocals, other_instruments: ['other']
08:54:36.644 [DEBUG] [module/model/MSST_WebUI/inference/msst_infer.py:245] Separation process completed.
08:54:36.652 [DEBUG] [module/model/MSST_WebUI/inference/msst_infer.py:159] Separation audio_file: ./data/audio_wav/[Moozzi2] Steins;Gate - 20 (BD 1920x1080 x.265 Flac).wav completed. Starting to save results.
08:54:39.213 [DEBUG] [module/model/MSST_WebUI/inference/msst_infer.py:168] Saved vocals for [Moozzi2] Steins;Gate - 20 (BD 1920x1080 x.265 Flac)_vocals.wav in ./data/audio_wav
08:54:41.781 [DEBUG] [module/model/MSST_WebUI/inference/msst_infer.py:168] Saved other for [Moozzi2] Steins;Gate - 20 (BD 1920x1080 x.265 Flac)_other.wav in ./data/audio_wav
08:55:04.801 [DEBUG] [module/model/MSST_WebUI/inference/msst_infer.py:157] Starting separation process for audio_file: ./data/audio_wav/[Moozzi2] Steins;Gate - 21 (BD 1920x1080 x.265 Flac).wav
08:55:04.801 [DEBUG] [module/model/MSST_WebUI/inference/msst_infer.py:182] Target instrument is not null, set primary_stem to target_instrument, secondary_stem will be calculated by mix - target_instrument
08:56:18.162 [DEBUG] [module/model/MSST_WebUI/inference/msst_infer.py:203] Finished demixing tracks.
08:56:18.281 [DEBUG] [module/model/MSST_WebUI/inference/msst_infer.py:219] Starting to extract waveforms for instruments: ['vocals']
08:56:18.282 [DEBUG] [module/model/MSST_WebUI/inference/msst_infer.py:233] target_instrument is not null, extracting instrumental from vocals, other_instruments: ['other']
08:56:18.358 [DEBUG] [module/model/MSST_WebUI/inference/msst_infer.py:245] Separation process completed.
08:56:18.369 [DEBUG] [module/model/MSST_WebUI/inference/msst_infer.py:159] Separation audio_file: ./data/audio_wav/[Moozzi2] Steins;Gate - 21 (BD 1920x1080 x.265 Flac).wav completed. Starting to save results.
08:56:20.970 [DEBUG] [module/model/MSST_WebUI/inference/msst_infer.py:168] Saved vocals for [Moozzi2] Steins;Gate - 21 (BD 1920x1080 x.265 Flac)_vocals.wav in ./data/audio_wav
08:56:23.547 [DEBUG] [module/model/MSST_WebUI/inference/msst_infer.py:168] Saved other for [Moozzi2] Steins;Gate - 21 (BD 1920x1080 x.265 Flac)_other.wav in ./data/audio_wav
08:56:46.712 [DEBUG] [module/model/MSST_WebUI/inference/msst_infer.py:157] Starting separation process for audio_file: ./data/audio_wav/[Moozzi2] Steins;Gate - 22 (BD 1920x1080 x.265 Flac).wav
08:56:46.712 [DEBUG] [module/model/MSST_WebUI/inference/msst_infer.py:182] Target instrument is not null, set primary_stem to target_instrument, secondary_stem will be calculated by mix - target_instrument
08:58:00.542 [DEBUG] [module/model/MSST_WebUI/inference/msst_infer.py:203] Finished demixing tracks.
08:58:00.664 [DEBUG] [module/model/MSST_WebUI/inference/msst_infer.py:219] Starting to extract waveforms for instruments: ['vocals']
08:58:00.664 [DEBUG] [module/model/MSST_WebUI/inference/msst_infer.py:233] target_instrument is not null, extracting instrumental from vocals, other_instruments: ['other']
08:58:00.745 [DEBUG] [module/model/MSST_WebUI/inference/msst_infer.py:245] Separation process completed.
08:58:00.754 [DEBUG] [module/model/MSST_WebUI/inference/msst_infer.py:159] Separation audio_file: ./data/audio_wav/[Moozzi2] Steins;Gate - 22 (BD 1920x1080 x.265 Flac).wav completed. Starting to save results.
08:58:03.354 [DEBUG] [module/model/MSST_WebUI/inference/msst_infer.py:168] Saved vocals for [Moozzi2] Steins;Gate - 22 (BD 1920x1080 x.265 Flac)_vocals.wav in ./data/audio_wav
08:58:05.912 [DEBUG] [module/model/MSST_WebUI/inference/msst_infer.py:168] Saved other for [Moozzi2] Steins;Gate - 22 (BD 1920x1080 x.265 Flac)_other.wav in ./data/audio_wav
08:58:29.031 [DEBUG] [module/model/MSST_WebUI/inference/msst_infer.py:157] Starting separation process for audio_file: ./data/audio_wav/[Moozzi2] Steins;Gate - 23 (BD 1920x1080 x.265 Flac).wav
08:58:29.031 [DEBUG] [module/model/MSST_WebUI/inference/msst_infer.py:182] Target instrument is not null, set primary_stem to target_instrument, secondary_stem will be calculated by mix - target_instrument
08:59:42.582 [DEBUG] [module/model/MSST_WebUI/inference/msst_infer.py:203] Finished demixing tracks.
08:59:42.706 [DEBUG] [module/model/MSST_WebUI/inference/msst_infer.py:219] Starting to extract waveforms for instruments: ['vocals']
08:59:42.707 [DEBUG] [module/model/MSST_WebUI/inference/msst_infer.py:233] target_instrument is not null, extracting instrumental from vocals, other_instruments: ['other']
08:59:42.780 [DEBUG] [module/model/MSST_WebUI/inference/msst_infer.py:245] Separation process completed.
08:59:42.789 [DEBUG] [module/model/MSST_WebUI/inference/msst_infer.py:159] Separation audio_file: ./data/audio_wav/[Moozzi2] Steins;Gate - 23 (BD 1920x1080 x.265 Flac).wav completed. Starting to save results.
08:59:45.378 [DEBUG] [module/model/MSST_WebUI/inference/msst_infer.py:168] Saved vocals for [Moozzi2] Steins;Gate - 23 (BD 1920x1080 x.265 Flac)_vocals.wav in ./data/audio_wav
08:59:47.961 [DEBUG] [module/model/MSST_WebUI/inference/msst_infer.py:168] Saved other for [Moozzi2] Steins;Gate - 23 (BD 1920x1080 x.265 Flac)_other.wav in ./data/audio_wav
09:00:11.184 [DEBUG] [module/model/MSST_WebUI/inference/msst_infer.py:157] Starting separation process for audio_file: ./data/audio_wav/[Moozzi2] Steins;Gate - 24 END (BD 1920x1080 x.265 Flac).wav
09:00:11.184 [DEBUG] [module/model/MSST_WebUI/inference/msst_infer.py:182] Target instrument is not null, set primary_stem to target_instrument, secondary_stem will be calculated by mix - target_instrument
09:01:24.570 [DEBUG] [module/model/MSST_WebUI/inference/msst_infer.py:203] Finished demixing tracks.
09:01:24.693 [DEBUG] [module/model/MSST_WebUI/inference/msst_infer.py:219] Starting to extract waveforms for instruments: ['vocals']
09:01:24.694 [DEBUG] [module/model/MSST_WebUI/inference/msst_infer.py:233] target_instrument is not null, extracting instrumental from vocals, other_instruments: ['other']
09:01:24.767 [DEBUG] [module/model/MSST_WebUI/inference/msst_infer.py:245] Separation process completed.
09:01:24.776 [DEBUG] [module/model/MSST_WebUI/inference/msst_infer.py:159] Separation audio_file: ./data/audio_wav/[Moozzi2] Steins;Gate - 24 END (BD 1920x1080 x.265 Flac).wav completed. Starting to save results.
09:01:27.326 [DEBUG] [module/model/MSST_WebUI/inference/msst_infer.py:168] Saved vocals for [Moozzi2] Steins;Gate - 24 END (BD 1920x1080 x.265 Flac)_vocals.wav in ./data/audio_wav
09:01:29.884 [DEBUG] [module/model/MSST_WebUI/inference/msst_infer.py:168] Saved other for [Moozzi2] Steins;Gate - 24 END (BD 1920x1080 x.265 Flac)_other.wav in ./data/audio_wav
09:01:53.761 [DEBUG] [module/model/MSST_WebUI/inference/msst_infer.py:157] Starting separation process for audio_file: ./data/audio_wav/[Moozzi2] Steins;Gate - 25 OVA (BD 1920x1080 x.265 Flac).wav
09:01:53.762 [DEBUG] [module/model/MSST_WebUI/inference/msst_infer.py:182] Target instrument is not null, set primary_stem to target_instrument, secondary_stem will be calculated by mix - target_instrument
09:03:10.091 [DEBUG] [module/model/MSST_WebUI/inference/msst_infer.py:203] Finished demixing tracks.
09:03:10.229 [DEBUG] [module/model/MSST_WebUI/inference/msst_infer.py:219] Starting to extract waveforms for instruments: ['vocals']
09:03:10.229 [DEBUG] [module/model/MSST_WebUI/inference/msst_infer.py:233] target_instrument is not null, extracting instrumental from vocals, other_instruments: ['other']
09:03:10.323 [DEBUG] [module/model/MSST_WebUI/inference/msst_infer.py:245] Separation process completed.
09:03:10.332 [DEBUG] [module/model/MSST_WebUI/inference/msst_infer.py:159] Separation audio_file: ./data/audio_wav/[Moozzi2] Steins;Gate - 25 OVA (BD 1920x1080 x.265 Flac).wav completed. Starting to save results.
09:03:12.989 [DEBUG] [module/model/MSST_WebUI/inference/msst_infer.py:168] Saved vocals for [Moozzi2] Steins;Gate - 25 OVA (BD 1920x1080 x.265 Flac)_vocals.wav in ./data/audio_wav
09:03:15.669 [DEBUG] [module/model/MSST_WebUI/inference/msst_infer.py:168] Saved other for [Moozzi2] Steins;Gate - 25 OVA (BD 1920x1080 x.265 Flac)_other.wav in ./data/audio_wav
09:03:15.675 [DEBUG] [module/model/MSST_WebUI/inference/msst_infer.py:274] Running garbage collection...
09:03:15.867 [DEBUG] [module/model/MSST_WebUI/inference/msst_infer.py:280] Clearing CUDA cache...
09:03:16.939 [DEBUG] [module/model/MSST_WebUI/inference/msst_infer.py:88] Operating System: Linux #1 SMP PREEMPT_DYNAMIC Thu Jun  5 18:30:46 UTC 2025
09:03:16.939 [DEBUG] [module/model/MSST_WebUI/inference/msst_infer.py:91] Python Version: 3.11.9
09:03:16.940 [DEBUG] [module/model/MSST_WebUI/inference/msst_infer.py:94] PyTorch Version: 2.4.1+cu121
09:03:16.984 [DEBUG] [module/model/MSST_WebUI/inference/msst_infer.py:100] FFmpeg installed: ffmpeg version 4.4.2-0ubuntu0.22.04.1 Copyright (c) 2000-2021 the FFmpeg developers
09:03:16.984 [DEBUG] [module/model/MSST_WebUI/inference/msst_infer.py:63] CUDA is available in Torch, setting Torch device to CUDA
09:03:16.985 [INFO] [module/model/MSST_WebUI/inference/msst_infer.py:72] Using device: cuda:0, device_ids: [0]
09:03:18.110 [INFO] [module/model/MSST_WebUI/inference/msst_infer.py:108] Separator params: model_type: mel_band_roformer, model_path: /workspace/AniTTS-Builder-v3/module/model/MSST_WebUI/pretrain/vocal_models/model_mel_band_roformer_karaoke_aufr33_viperx_sdr_10.1956.ckpt, config_path: /workspace/AniTTS-Builder-v3/module/model/MSST_WebUI/configs_backup/vocal_models/config_mel_band_roformer_karaoke.yaml
09:03:18.111 [INFO] [module/model/MSST_WebUI/inference/msst_infer.py:109] Separator params: output_folder: ./data/audio_wav, output_format: wav
09:03:18.111 [INFO] [module/model/MSST_WebUI/inference/msst_infer.py:110] Model params: instruments: ['karaoke', 'other'], target_instrument: karaoke
09:03:18.111 [DEBUG] [module/model/MSST_WebUI/inference/msst_infer.py:111] Model params: batch_size: 1, num_overlap: 4, dim_t: 256, normalize: None, use_tta: False
09:03:22.761 [DEBUG] [module/model/MSST_WebUI/inference/msst_infer.py:125] Loading model completed, duration: 5.78 seconds
09:03:22.765 [INFO] [module/model/MSST_WebUI/inference/msst_infer.py:134] Input_folder: ./data/audio_wav, Total files found: 25
09:03:24.455 [DEBUG] [module/model/MSST_WebUI/inference/msst_infer.py:157] Starting separation process for audio_file: ./data/audio_wav/[Moozzi2] Steins;Gate - 01 (BD 1920x1080 x.265 Flac).wav
09:03:24.456 [DEBUG] [module/model/MSST_WebUI/inference/msst_infer.py:182] Target instrument is not null, set primary_stem to target_instrument, secondary_stem will be calculated by mix - target_instrument
09:04:38.757 [DEBUG] [module/model/MSST_WebUI/inference/msst_infer.py:203] Finished demixing tracks.
09:04:38.880 [DEBUG] [module/model/MSST_WebUI/inference/msst_infer.py:219] Starting to extract waveforms for instruments: ['karaoke']
09:04:38.881 [DEBUG] [module/model/MSST_WebUI/inference/msst_infer.py:233] target_instrument is not null, extracting instrumental from karaoke, other_instruments: ['other']
09:04:38.953 [DEBUG] [module/model/MSST_WebUI/inference/msst_infer.py:245] Separation process completed.
09:04:38.958 [DEBUG] [module/model/MSST_WebUI/inference/msst_infer.py:159] Separation audio_file: ./data/audio_wav/[Moozzi2] Steins;Gate - 01 (BD 1920x1080 x.265 Flac).wav completed. Starting to save results.
09:04:41.617 [DEBUG] [module/model/MSST_WebUI/inference/msst_infer.py:168] Saved karaoke for [Moozzi2] Steins;Gate - 01 (BD 1920x1080 x.265 Flac)_karaoke.wav in ./data/audio_wav
09:04:44.234 [DEBUG] [module/model/MSST_WebUI/inference/msst_infer.py:168] Saved other for [Moozzi2] Steins;Gate - 01 (BD 1920x1080 x.265 Flac)_other.wav in ./data/audio_wav
09:04:45.924 [DEBUG] [module/model/MSST_WebUI/inference/msst_infer.py:157] Starting separation process for audio_file: ./data/audio_wav/[Moozzi2] Steins;Gate - 02 (BD 1920x1080 x.265 Flac).wav
09:04:45.924 [DEBUG] [module/model/MSST_WebUI/inference/msst_infer.py:182] Target instrument is not null, set primary_stem to target_instrument, secondary_stem will be calculated by mix - target_instrument
09:06:00.247 [DEBUG] [module/model/MSST_WebUI/inference/msst_infer.py:203] Finished demixing tracks.
09:06:00.368 [DEBUG] [module/model/MSST_WebUI/inference/msst_infer.py:219] Starting to extract waveforms for instruments: ['karaoke']
09:06:00.369 [DEBUG] [module/model/MSST_WebUI/inference/msst_infer.py:233] target_instrument is not null, extracting instrumental from karaoke, other_instruments: ['other']
09:06:00.443 [DEBUG] [module/model/MSST_WebUI/inference/msst_infer.py:245] Separation process completed.
09:06:00.452 [DEBUG] [module/model/MSST_WebUI/inference/msst_infer.py:159] Separation audio_file: ./data/audio_wav/[Moozzi2] Steins;Gate - 02 (BD 1920x1080 x.265 Flac).wav completed. Starting to save results.
09:06:03.071 [DEBUG] [module/model/MSST_WebUI/inference/msst_infer.py:168] Saved karaoke for [Moozzi2] Steins;Gate - 02 (BD 1920x1080 x.265 Flac)_karaoke.wav in ./data/audio_wav
09:06:05.685 [DEBUG] [module/model/MSST_WebUI/inference/msst_infer.py:168] Saved other for [Moozzi2] Steins;Gate - 02 (BD 1920x1080 x.265 Flac)_other.wav in ./data/audio_wav
09:06:07.333 [DEBUG] [module/model/MSST_WebUI/inference/msst_infer.py:157] Starting separation process for audio_file: ./data/audio_wav/[Moozzi2] Steins;Gate - 03 (BD 1920x1080 x.265 Flac).wav
09:06:07.333 [DEBUG] [module/model/MSST_WebUI/inference/msst_infer.py:182] Target instrument is not null, set primary_stem to target_instrument, secondary_stem will be calculated by mix - target_instrument
09:07:21.620 [DEBUG] [module/model/MSST_WebUI/inference/msst_infer.py:203] Finished demixing tracks.
09:07:21.742 [DEBUG] [module/model/MSST_WebUI/inference/msst_infer.py:219] Starting to extract waveforms for instruments: ['karaoke']
09:07:21.743 [DEBUG] [module/model/MSST_WebUI/inference/msst_infer.py:233] target_instrument is not null, extracting instrumental from karaoke, other_instruments: ['other']
09:07:21.819 [DEBUG] [module/model/MSST_WebUI/inference/msst_infer.py:245] Separation process completed.
09:07:21.827 [DEBUG] [module/model/MSST_WebUI/inference/msst_infer.py:159] Separation audio_file: ./data/audio_wav/[Moozzi2] Steins;Gate - 03 (BD 1920x1080 x.265 Flac).wav completed. Starting to save results.
09:07:24.460 [DEBUG] [module/model/MSST_WebUI/inference/msst_infer.py:168] Saved karaoke for [Moozzi2] Steins;Gate - 03 (BD 1920x1080 x.265 Flac)_karaoke.wav in ./data/audio_wav
09:07:27.108 [DEBUG] [module/model/MSST_WebUI/inference/msst_infer.py:168] Saved other for [Moozzi2] Steins;Gate - 03 (BD 1920x1080 x.265 Flac)_other.wav in ./data/audio_wav
09:07:28.754 [DEBUG] [module/model/MSST_WebUI/inference/msst_infer.py:157] Starting separation process for audio_file: ./data/audio_wav/[Moozzi2] Steins;Gate - 04 (BD 1920x1080 x.265 Flac).wav
09:07:28.754 [DEBUG] [module/model/MSST_WebUI/inference/msst_infer.py:182] Target instrument is not null, set primary_stem to target_instrument, secondary_stem will be calculated by mix - target_instrument
09:08:43.070 [DEBUG] [module/model/MSST_WebUI/inference/msst_infer.py:203] Finished demixing tracks.
09:08:43.194 [DEBUG] [module/model/MSST_WebUI/inference/msst_infer.py:219] Starting to extract waveforms for instruments: ['karaoke']
09:08:43.195 [DEBUG] [module/model/MSST_WebUI/inference/msst_infer.py:233] target_instrument is not null, extracting instrumental from karaoke, other_instruments: ['other']
09:08:43.269 [DEBUG] [module/model/MSST_WebUI/inference/msst_infer.py:245] Separation process completed.
09:08:43.278 [DEBUG] [module/model/MSST_WebUI/inference/msst_infer.py:159] Separation audio_file: ./data/audio_wav/[Moozzi2] Steins;Gate - 04 (BD 1920x1080 x.265 Flac).wav completed. Starting to save results.
09:08:45.913 [DEBUG] [module/model/MSST_WebUI/inference/msst_infer.py:168] Saved karaoke for [Moozzi2] Steins;Gate - 04 (BD 1920x1080 x.265 Flac)_karaoke.wav in ./data/audio_wav
09:08:48.487 [DEBUG] [module/model/MSST_WebUI/inference/msst_infer.py:168] Saved other for [Moozzi2] Steins;Gate - 04 (BD 1920x1080 x.265 Flac)_other.wav in ./data/audio_wav
09:08:50.113 [DEBUG] [module/model/MSST_WebUI/inference/msst_infer.py:157] Starting separation process for audio_file: ./data/audio_wav/[Moozzi2] Steins;Gate - 05 (BD 1920x1080 x.265 Flac).wav
09:08:50.113 [DEBUG] [module/model/MSST_WebUI/inference/msst_infer.py:182] Target instrument is not null, set primary_stem to target_instrument, secondary_stem will be calculated by mix - target_instrument
09:10:04.361 [DEBUG] [module/model/MSST_WebUI/inference/msst_infer.py:203] Finished demixing tracks.
09:10:04.482 [DEBUG] [module/model/MSST_WebUI/inference/msst_infer.py:219] Starting to extract waveforms for instruments: ['karaoke']
09:10:04.482 [DEBUG] [module/model/MSST_WebUI/inference/msst_infer.py:233] target_instrument is not null, extracting instrumental from karaoke, other_instruments: ['other']
09:10:04.558 [DEBUG] [module/model/MSST_WebUI/inference/msst_infer.py:245] Separation process completed.
09:10:04.566 [DEBUG] [module/model/MSST_WebUI/inference/msst_infer.py:159] Separation audio_file: ./data/audio_wav/[Moozzi2] Steins;Gate - 05 (BD 1920x1080 x.265 Flac).wav completed. Starting to save results.
09:10:07.429 [DEBUG] [module/model/MSST_WebUI/inference/msst_infer.py:168] Saved karaoke for [Moozzi2] Steins;Gate - 05 (BD 1920x1080 x.265 Flac)_karaoke.wav in ./data/audio_wav
09:10:10.028 [DEBUG] [module/model/MSST_WebUI/inference/msst_infer.py:168] Saved other for [Moozzi2] Steins;Gate - 05 (BD 1920x1080 x.265 Flac)_other.wav in ./data/audio_wav
09:10:11.655 [DEBUG] [module/model/MSST_WebUI/inference/msst_infer.py:157] Starting separation process for audio_file: ./data/audio_wav/[Moozzi2] Steins;Gate - 06 (BD 1920x1080 x.265 Flac).wav
09:10:11.655 [DEBUG] [module/model/MSST_WebUI/inference/msst_infer.py:182] Target instrument is not null, set primary_stem to target_instrument, secondary_stem will be calculated by mix - target_instrument
09:11:26.123 [DEBUG] [module/model/MSST_WebUI/inference/msst_infer.py:203] Finished demixing tracks.
09:11:26.247 [DEBUG] [module/model/MSST_WebUI/inference/msst_infer.py:219] Starting to extract waveforms for instruments: ['karaoke']
09:11:26.247 [DEBUG] [module/model/MSST_WebUI/inference/msst_infer.py:233] target_instrument is not null, extracting instrumental from karaoke, other_instruments: ['other']
09:11:26.322 [DEBUG] [module/model/MSST_WebUI/inference/msst_infer.py:245] Separation process completed.
09:11:26.333 [DEBUG] [module/model/MSST_WebUI/inference/msst_infer.py:159] Separation audio_file: ./data/audio_wav/[Moozzi2] Steins;Gate - 06 (BD 1920x1080 x.265 Flac).wav completed. Starting to save results.
09:11:28.941 [DEBUG] [module/model/MSST_WebUI/inference/msst_infer.py:168] Saved karaoke for [Moozzi2] Steins;Gate - 06 (BD 1920x1080 x.265 Flac)_karaoke.wav in ./data/audio_wav
09:11:31.587 [DEBUG] [module/model/MSST_WebUI/inference/msst_infer.py:168] Saved other for [Moozzi2] Steins;Gate - 06 (BD 1920x1080 x.265 Flac)_other.wav in ./data/audio_wav
09:11:33.293 [DEBUG] [module/model/MSST_WebUI/inference/msst_infer.py:157] Starting separation process for audio_file: ./data/audio_wav/[Moozzi2] Steins;Gate - 07 (BD 1920x1080 x.265 Flac).wav
09:11:33.294 [DEBUG] [module/model/MSST_WebUI/inference/msst_infer.py:182] Target instrument is not null, set primary_stem to target_instrument, secondary_stem will be calculated by mix - target_instrument
09:12:48.031 [DEBUG] [module/model/MSST_WebUI/inference/msst_infer.py:203] Finished demixing tracks.
09:12:48.157 [DEBUG] [module/model/MSST_WebUI/inference/msst_infer.py:219] Starting to extract waveforms for instruments: ['karaoke']
09:12:48.157 [DEBUG] [module/model/MSST_WebUI/inference/msst_infer.py:233] target_instrument is not null, extracting instrumental from karaoke, other_instruments: ['other']
09:12:48.237 [DEBUG] [module/model/MSST_WebUI/inference/msst_infer.py:245] Separation process completed.
09:12:48.245 [DEBUG] [module/model/MSST_WebUI/inference/msst_infer.py:159] Separation audio_file: ./data/audio_wav/[Moozzi2] Steins;Gate - 07 (BD 1920x1080 x.265 Flac).wav completed. Starting to save results.
09:12:50.876 [DEBUG] [module/model/MSST_WebUI/inference/msst_infer.py:168] Saved karaoke for [Moozzi2] Steins;Gate - 07 (BD 1920x1080 x.265 Flac)_karaoke.wav in ./data/audio_wav
09:12:53.479 [DEBUG] [module/model/MSST_WebUI/inference/msst_infer.py:168] Saved other for [Moozzi2] Steins;Gate - 07 (BD 1920x1080 x.265 Flac)_other.wav in ./data/audio_wav
09:12:55.157 [DEBUG] [module/model/MSST_WebUI/inference/msst_infer.py:157] Starting separation process for audio_file: ./data/audio_wav/[Moozzi2] Steins;Gate - 08 (BD 1920x1080 x.265 Flac).wav
09:12:55.157 [DEBUG] [module/model/MSST_WebUI/inference/msst_infer.py:182] Target instrument is not null, set primary_stem to target_instrument, secondary_stem will be calculated by mix - target_instrument
09:14:09.421 [DEBUG] [module/model/MSST_WebUI/inference/msst_infer.py:203] Finished demixing tracks.
09:14:09.547 [DEBUG] [module/model/MSST_WebUI/inference/msst_infer.py:219] Starting to extract waveforms for instruments: ['karaoke']
09:14:09.548 [DEBUG] [module/model/MSST_WebUI/inference/msst_infer.py:233] target_instrument is not null, extracting instrumental from karaoke, other_instruments: ['other']
09:14:09.638 [DEBUG] [module/model/MSST_WebUI/inference/msst_infer.py:245] Separation process completed.
09:14:09.646 [DEBUG] [module/model/MSST_WebUI/inference/msst_infer.py:159] Separation audio_file: ./data/audio_wav/[Moozzi2] Steins;Gate - 08 (BD 1920x1080 x.265 Flac).wav completed. Starting to save results.
09:14:12.452 [DEBUG] [module/model/MSST_WebUI/inference/msst_infer.py:168] Saved karaoke for [Moozzi2] Steins;Gate - 08 (BD 1920x1080 x.265 Flac)_karaoke.wav in ./data/audio_wav
09:14:15.091 [DEBUG] [module/model/MSST_WebUI/inference/msst_infer.py:168] Saved other for [Moozzi2] Steins;Gate - 08 (BD 1920x1080 x.265 Flac)_other.wav in ./data/audio_wav
09:14:16.809 [DEBUG] [module/model/MSST_WebUI/inference/msst_infer.py:157] Starting separation process for audio_file: ./data/audio_wav/[Moozzi2] Steins;Gate - 09 (BD 1920x1080 x.265 Flac).wav
09:14:16.809 [DEBUG] [module/model/MSST_WebUI/inference/msst_infer.py:182] Target instrument is not null, set primary_stem to target_instrument, secondary_stem will be calculated by mix - target_instrument
09:15:31.167 [DEBUG] [module/model/MSST_WebUI/inference/msst_infer.py:203] Finished demixing tracks.
09:15:31.291 [DEBUG] [module/model/MSST_WebUI/inference/msst_infer.py:219] Starting to extract waveforms for instruments: ['karaoke']
09:15:31.291 [DEBUG] [module/model/MSST_WebUI/inference/msst_infer.py:233] target_instrument is not null, extracting instrumental from karaoke, other_instruments: ['other']
09:15:31.366 [DEBUG] [module/model/MSST_WebUI/inference/msst_infer.py:245] Separation process completed.
09:15:31.374 [DEBUG] [module/model/MSST_WebUI/inference/msst_infer.py:159] Separation audio_file: ./data/audio_wav/[Moozzi2] Steins;Gate - 09 (BD 1920x1080 x.265 Flac).wav completed. Starting to save results.
09:15:34.029 [DEBUG] [module/model/MSST_WebUI/inference/msst_infer.py:168] Saved karaoke for [Moozzi2] Steins;Gate - 09 (BD 1920x1080 x.265 Flac)_karaoke.wav in ./data/audio_wav
09:15:36.654 [DEBUG] [module/model/MSST_WebUI/inference/msst_infer.py:168] Saved other for [Moozzi2] Steins;Gate - 09 (BD 1920x1080 x.265 Flac)_other.wav in ./data/audio_wav
09:15:38.287 [DEBUG] [module/model/MSST_WebUI/inference/msst_infer.py:157] Starting separation process for audio_file: ./data/audio_wav/[Moozzi2] Steins;Gate - 10 (BD 1920x1080 x.265 Flac).wav
09:15:38.287 [DEBUG] [module/model/MSST_WebUI/inference/msst_infer.py:182] Target instrument is not null, set primary_stem to target_instrument, secondary_stem will be calculated by mix - target_instrument
09:16:52.926 [DEBUG] [module/model/MSST_WebUI/inference/msst_infer.py:203] Finished demixing tracks.
09:16:53.049 [DEBUG] [module/model/MSST_WebUI/inference/msst_infer.py:219] Starting to extract waveforms for instruments: ['karaoke']
09:16:53.049 [DEBUG] [module/model/MSST_WebUI/inference/msst_infer.py:233] target_instrument is not null, extracting instrumental from karaoke, other_instruments: ['other']
09:16:53.126 [DEBUG] [module/model/MSST_WebUI/inference/msst_infer.py:245] Separation process completed.
09:16:53.136 [DEBUG] [module/model/MSST_WebUI/inference/msst_infer.py:159] Separation audio_file: ./data/audio_wav/[Moozzi2] Steins;Gate - 10 (BD 1920x1080 x.265 Flac).wav completed. Starting to save results.
09:16:55.765 [DEBUG] [module/model/MSST_WebUI/inference/msst_infer.py:168] Saved karaoke for [Moozzi2] Steins;Gate - 10 (BD 1920x1080 x.265 Flac)_karaoke.wav in ./data/audio_wav
09:16:58.425 [DEBUG] [module/model/MSST_WebUI/inference/msst_infer.py:168] Saved other for [Moozzi2] Steins;Gate - 10 (BD 1920x1080 x.265 Flac)_other.wav in ./data/audio_wav
09:17:00.067 [DEBUG] [module/model/MSST_WebUI/inference/msst_infer.py:157] Starting separation process for audio_file: ./data/audio_wav/[Moozzi2] Steins;Gate - 11 (BD 1920x1080 x.265 Flac).wav
09:17:00.068 [DEBUG] [module/model/MSST_WebUI/inference/msst_infer.py:182] Target instrument is not null, set primary_stem to target_instrument, secondary_stem will be calculated by mix - target_instrument
09:18:14.382 [DEBUG] [module/model/MSST_WebUI/inference/msst_infer.py:203] Finished demixing tracks.
09:18:14.505 [DEBUG] [module/model/MSST_WebUI/inference/msst_infer.py:219] Starting to extract waveforms for instruments: ['karaoke']
09:18:14.505 [DEBUG] [module/model/MSST_WebUI/inference/msst_infer.py:233] target_instrument is not null, extracting instrumental from karaoke, other_instruments: ['other']
09:18:14.581 [DEBUG] [module/model/MSST_WebUI/inference/msst_infer.py:245] Separation process completed.
09:18:14.590 [DEBUG] [module/model/MSST_WebUI/inference/msst_infer.py:159] Separation audio_file: ./data/audio_wav/[Moozzi2] Steins;Gate - 11 (BD 1920x1080 x.265 Flac).wav completed. Starting to save results.
09:18:17.295 [DEBUG] [module/model/MSST_WebUI/inference/msst_infer.py:168] Saved karaoke for [Moozzi2] Steins;Gate - 11 (BD 1920x1080 x.265 Flac)_karaoke.wav in ./data/audio_wav
09:18:19.982 [DEBUG] [module/model/MSST_WebUI/inference/msst_infer.py:168] Saved other for [Moozzi2] Steins;Gate - 11 (BD 1920x1080 x.265 Flac)_other.wav in ./data/audio_wav
09:18:21.607 [DEBUG] [module/model/MSST_WebUI/inference/msst_infer.py:157] Starting separation process for audio_file: ./data/audio_wav/[Moozzi2] Steins;Gate - 12 (BD 1920x1080 x.265 Flac).wav
09:18:21.607 [DEBUG] [module/model/MSST_WebUI/inference/msst_infer.py:182] Target instrument is not null, set primary_stem to target_instrument, secondary_stem will be calculated by mix - target_instrument
09:19:35.852 [DEBUG] [module/model/MSST_WebUI/inference/msst_infer.py:203] Finished demixing tracks.
09:19:35.981 [DEBUG] [module/model/MSST_WebUI/inference/msst_infer.py:219] Starting to extract waveforms for instruments: ['karaoke']
09:19:35.981 [DEBUG] [module/model/MSST_WebUI/inference/msst_infer.py:233] target_instrument is not null, extracting instrumental from karaoke, other_instruments: ['other']
09:19:36.057 [DEBUG] [module/model/MSST_WebUI/inference/msst_infer.py:245] Separation process completed.
09:19:36.065 [DEBUG] [module/model/MSST_WebUI/inference/msst_infer.py:159] Separation audio_file: ./data/audio_wav/[Moozzi2] Steins;Gate - 12 (BD 1920x1080 x.265 Flac).wav completed. Starting to save results.
09:19:38.726 [DEBUG] [module/model/MSST_WebUI/inference/msst_infer.py:168] Saved karaoke for [Moozzi2] Steins;Gate - 12 (BD 1920x1080 x.265 Flac)_karaoke.wav in ./data/audio_wav
09:19:41.395 [DEBUG] [module/model/MSST_WebUI/inference/msst_infer.py:168] Saved other for [Moozzi2] Steins;Gate - 12 (BD 1920x1080 x.265 Flac)_other.wav in ./data/audio_wav
09:19:43.061 [DEBUG] [module/model/MSST_WebUI/inference/msst_infer.py:157] Starting separation process for audio_file: ./data/audio_wav/[Moozzi2] Steins;Gate - 13 (BD 1920x1080 x.265 Flac).wav
09:19:43.062 [DEBUG] [module/model/MSST_WebUI/inference/msst_infer.py:182] Target instrument is not null, set primary_stem to target_instrument, secondary_stem will be calculated by mix - target_instrument
09:20:57.603 [DEBUG] [module/model/MSST_WebUI/inference/msst_infer.py:203] Finished demixing tracks.
09:20:57.729 [DEBUG] [module/model/MSST_WebUI/inference/msst_infer.py:219] Starting to extract waveforms for instruments: ['karaoke']
09:20:57.730 [DEBUG] [module/model/MSST_WebUI/inference/msst_infer.py:233] target_instrument is not null, extracting instrumental from karaoke, other_instruments: ['other']
09:20:57.805 [DEBUG] [module/model/MSST_WebUI/inference/msst_infer.py:245] Separation process completed.
09:20:57.813 [DEBUG] [module/model/MSST_WebUI/inference/msst_infer.py:159] Separation audio_file: ./data/audio_wav/[Moozzi2] Steins;Gate - 13 (BD 1920x1080 x.265 Flac).wav completed. Starting to save results.
09:21:00.466 [DEBUG] [module/model/MSST_WebUI/inference/msst_infer.py:168] Saved karaoke for [Moozzi2] Steins;Gate - 13 (BD 1920x1080 x.265 Flac)_karaoke.wav in ./data/audio_wav
09:21:03.173 [DEBUG] [module/model/MSST_WebUI/inference/msst_infer.py:168] Saved other for [Moozzi2] Steins;Gate - 13 (BD 1920x1080 x.265 Flac)_other.wav in ./data/audio_wav
09:21:04.810 [DEBUG] [module/model/MSST_WebUI/inference/msst_infer.py:157] Starting separation process for audio_file: ./data/audio_wav/[Moozzi2] Steins;Gate - 14 (BD 1920x1080 x.265 Flac).wav
09:21:04.811 [DEBUG] [module/model/MSST_WebUI/inference/msst_infer.py:182] Target instrument is not null, set primary_stem to target_instrument, secondary_stem will be calculated by mix - target_instrument
09:22:19.041 [DEBUG] [module/model/MSST_WebUI/inference/msst_infer.py:203] Finished demixing tracks.
09:22:19.171 [DEBUG] [module/model/MSST_WebUI/inference/msst_infer.py:219] Starting to extract waveforms for instruments: ['karaoke']
09:22:19.172 [DEBUG] [module/model/MSST_WebUI/inference/msst_infer.py:233] target_instrument is not null, extracting instrumental from karaoke, other_instruments: ['other']
09:22:19.250 [DEBUG] [module/model/MSST_WebUI/inference/msst_infer.py:245] Separation process completed.
09:22:19.259 [DEBUG] [module/model/MSST_WebUI/inference/msst_infer.py:159] Separation audio_file: ./data/audio_wav/[Moozzi2] Steins;Gate - 14 (BD 1920x1080 x.265 Flac).wav completed. Starting to save results.
09:22:21.925 [DEBUG] [module/model/MSST_WebUI/inference/msst_infer.py:168] Saved karaoke for [Moozzi2] Steins;Gate - 14 (BD 1920x1080 x.265 Flac)_karaoke.wav in ./data/audio_wav
09:22:24.550 [DEBUG] [module/model/MSST_WebUI/inference/msst_infer.py:168] Saved other for [Moozzi2] Steins;Gate - 14 (BD 1920x1080 x.265 Flac)_other.wav in ./data/audio_wav
09:22:26.251 [DEBUG] [module/model/MSST_WebUI/inference/msst_infer.py:157] Starting separation process for audio_file: ./data/audio_wav/[Moozzi2] Steins;Gate - 15 (BD 1920x1080 x.265 Flac).wav
09:22:26.252 [DEBUG] [module/model/MSST_WebUI/inference/msst_infer.py:182] Target instrument is not null, set primary_stem to target_instrument, secondary_stem will be calculated by mix - target_instrument
09:23:40.589 [DEBUG] [module/model/MSST_WebUI/inference/msst_infer.py:203] Finished demixing tracks.
09:23:40.722 [DEBUG] [module/model/MSST_WebUI/inference/msst_infer.py:219] Starting to extract waveforms for instruments: ['karaoke']
09:23:40.722 [DEBUG] [module/model/MSST_WebUI/inference/msst_infer.py:233] target_instrument is not null, extracting instrumental from karaoke, other_instruments: ['other']
09:23:40.806 [DEBUG] [module/model/MSST_WebUI/inference/msst_infer.py:245] Separation process completed.
09:23:40.814 [DEBUG] [module/model/MSST_WebUI/inference/msst_infer.py:159] Separation audio_file: ./data/audio_wav/[Moozzi2] Steins;Gate - 15 (BD 1920x1080 x.265 Flac).wav completed. Starting to save results.
09:23:43.433 [DEBUG] [module/model/MSST_WebUI/inference/msst_infer.py:168] Saved karaoke for [Moozzi2] Steins;Gate - 15 (BD 1920x1080 x.265 Flac)_karaoke.wav in ./data/audio_wav
09:23:46.031 [DEBUG] [module/model/MSST_WebUI/inference/msst_infer.py:168] Saved other for [Moozzi2] Steins;Gate - 15 (BD 1920x1080 x.265 Flac)_other.wav in ./data/audio_wav
09:23:47.701 [DEBUG] [module/model/MSST_WebUI/inference/msst_infer.py:157] Starting separation process for audio_file: ./data/audio_wav/[Moozzi2] Steins;Gate - 16 (BD 1920x1080 x.265 Flac).wav
09:23:47.702 [DEBUG] [module/model/MSST_WebUI/inference/msst_infer.py:182] Target instrument is not null, set primary_stem to target_instrument, secondary_stem will be calculated by mix - target_instrument
09:25:02.372 [DEBUG] [module/model/MSST_WebUI/inference/msst_infer.py:203] Finished demixing tracks.
09:25:02.496 [DEBUG] [module/model/MSST_WebUI/inference/msst_infer.py:219] Starting to extract waveforms for instruments: ['karaoke']
09:25:02.496 [DEBUG] [module/model/MSST_WebUI/inference/msst_infer.py:233] target_instrument is not null, extracting instrumental from karaoke, other_instruments: ['other']
09:25:02.572 [DEBUG] [module/model/MSST_WebUI/inference/msst_infer.py:245] Separation process completed.
09:25:02.581 [DEBUG] [module/model/MSST_WebUI/inference/msst_infer.py:159] Separation audio_file: ./data/audio_wav/[Moozzi2] Steins;Gate - 16 (BD 1920x1080 x.265 Flac).wav completed. Starting to save results.
09:25:05.222 [DEBUG] [module/model/MSST_WebUI/inference/msst_infer.py:168] Saved karaoke for [Moozzi2] Steins;Gate - 16 (BD 1920x1080 x.265 Flac)_karaoke.wav in ./data/audio_wav
09:25:07.868 [DEBUG] [module/model/MSST_WebUI/inference/msst_infer.py:168] Saved other for [Moozzi2] Steins;Gate - 16 (BD 1920x1080 x.265 Flac)_other.wav in ./data/audio_wav
09:25:09.495 [DEBUG] [module/model/MSST_WebUI/inference/msst_infer.py:157] Starting separation process for audio_file: ./data/audio_wav/[Moozzi2] Steins;Gate - 17 (BD 1920x1080 x.265 Flac).wav
09:25:09.496 [DEBUG] [module/model/MSST_WebUI/inference/msst_infer.py:182] Target instrument is not null, set primary_stem to target_instrument, secondary_stem will be calculated by mix - target_instrument
09:26:23.673 [DEBUG] [module/model/MSST_WebUI/inference/msst_infer.py:203] Finished demixing tracks.
09:26:23.803 [DEBUG] [module/model/MSST_WebUI/inference/msst_infer.py:219] Starting to extract waveforms for instruments: ['karaoke']
09:26:23.803 [DEBUG] [module/model/MSST_WebUI/inference/msst_infer.py:233] target_instrument is not null, extracting instrumental from karaoke, other_instruments: ['other']
09:26:23.890 [DEBUG] [module/model/MSST_WebUI/inference/msst_infer.py:245] Separation process completed.
09:26:23.899 [DEBUG] [module/model/MSST_WebUI/inference/msst_infer.py:159] Separation audio_file: ./data/audio_wav/[Moozzi2] Steins;Gate - 17 (BD 1920x1080 x.265 Flac).wav completed. Starting to save results.
09:26:26.522 [DEBUG] [module/model/MSST_WebUI/inference/msst_infer.py:168] Saved karaoke for [Moozzi2] Steins;Gate - 17 (BD 1920x1080 x.265 Flac)_karaoke.wav in ./data/audio_wav
09:26:29.135 [DEBUG] [module/model/MSST_WebUI/inference/msst_infer.py:168] Saved other for [Moozzi2] Steins;Gate - 17 (BD 1920x1080 x.265 Flac)_other.wav in ./data/audio_wav
09:26:30.799 [DEBUG] [module/model/MSST_WebUI/inference/msst_infer.py:157] Starting separation process for audio_file: ./data/audio_wav/[Moozzi2] Steins;Gate - 18 (BD 1920x1080 x.265 Flac).wav
09:26:30.799 [DEBUG] [module/model/MSST_WebUI/inference/msst_infer.py:182] Target instrument is not null, set primary_stem to target_instrument, secondary_stem will be calculated by mix - target_instrument
09:27:45.126 [DEBUG] [module/model/MSST_WebUI/inference/msst_infer.py:203] Finished demixing tracks.
09:27:45.250 [DEBUG] [module/model/MSST_WebUI/inference/msst_infer.py:219] Starting to extract waveforms for instruments: ['karaoke']
09:27:45.251 [DEBUG] [module/model/MSST_WebUI/inference/msst_infer.py:233] target_instrument is not null, extracting instrumental from karaoke, other_instruments: ['other']
09:27:45.325 [DEBUG] [module/model/MSST_WebUI/inference/msst_infer.py:245] Separation process completed.
09:27:45.333 [DEBUG] [module/model/MSST_WebUI/inference/msst_infer.py:159] Separation audio_file: ./data/audio_wav/[Moozzi2] Steins;Gate - 18 (BD 1920x1080 x.265 Flac).wav completed. Starting to save results.
09:27:47.955 [DEBUG] [module/model/MSST_WebUI/inference/msst_infer.py:168] Saved karaoke for [Moozzi2] Steins;Gate - 18 (BD 1920x1080 x.265 Flac)_karaoke.wav in ./data/audio_wav
09:27:50.579 [DEBUG] [module/model/MSST_WebUI/inference/msst_infer.py:168] Saved other for [Moozzi2] Steins;Gate - 18 (BD 1920x1080 x.265 Flac)_other.wav in ./data/audio_wav
09:27:52.247 [DEBUG] [module/model/MSST_WebUI/inference/msst_infer.py:157] Starting separation process for audio_file: ./data/audio_wav/[Moozzi2] Steins;Gate - 19 (BD 1920x1080 x.265 Flac).wav
09:27:52.247 [DEBUG] [module/model/MSST_WebUI/inference/msst_infer.py:182] Target instrument is not null, set primary_stem to target_instrument, secondary_stem will be calculated by mix - target_instrument
09:29:06.993 [DEBUG] [module/model/MSST_WebUI/inference/msst_infer.py:203] Finished demixing tracks.
09:29:07.120 [DEBUG] [module/model/MSST_WebUI/inference/msst_infer.py:219] Starting to extract waveforms for instruments: ['karaoke']
09:29:07.121 [DEBUG] [module/model/MSST_WebUI/inference/msst_infer.py:233] target_instrument is not null, extracting instrumental from karaoke, other_instruments: ['other']
09:29:07.197 [DEBUG] [module/model/MSST_WebUI/inference/msst_infer.py:245] Separation process completed.
09:29:07.206 [DEBUG] [module/model/MSST_WebUI/inference/msst_infer.py:159] Separation audio_file: ./data/audio_wav/[Moozzi2] Steins;Gate - 19 (BD 1920x1080 x.265 Flac).wav completed. Starting to save results.
09:29:09.822 [DEBUG] [module/model/MSST_WebUI/inference/msst_infer.py:168] Saved karaoke for [Moozzi2] Steins;Gate - 19 (BD 1920x1080 x.265 Flac)_karaoke.wav in ./data/audio_wav
09:29:12.451 [DEBUG] [module/model/MSST_WebUI/inference/msst_infer.py:168] Saved other for [Moozzi2] Steins;Gate - 19 (BD 1920x1080 x.265 Flac)_other.wav in ./data/audio_wav
09:29:14.082 [DEBUG] [module/model/MSST_WebUI/inference/msst_infer.py:157] Starting separation process for audio_file: ./data/audio_wav/[Moozzi2] Steins;Gate - 20 (BD 1920x1080 x.265 Flac).wav
09:29:14.083 [DEBUG] [module/model/MSST_WebUI/inference/msst_infer.py:182] Target instrument is not null, set primary_stem to target_instrument, secondary_stem will be calculated by mix - target_instrument
09:30:28.227 [DEBUG] [module/model/MSST_WebUI/inference/msst_infer.py:203] Finished demixing tracks.
09:30:28.353 [DEBUG] [module/model/MSST_WebUI/inference/msst_infer.py:219] Starting to extract waveforms for instruments: ['karaoke']
09:30:28.354 [DEBUG] [module/model/MSST_WebUI/inference/msst_infer.py:233] target_instrument is not null, extracting instrumental from karaoke, other_instruments: ['other']
09:30:28.427 [DEBUG] [module/model/MSST_WebUI/inference/msst_infer.py:245] Separation process completed.
09:30:28.436 [DEBUG] [module/model/MSST_WebUI/inference/msst_infer.py:159] Separation audio_file: ./data/audio_wav/[Moozzi2] Steins;Gate - 20 (BD 1920x1080 x.265 Flac).wav completed. Starting to save results.
09:30:31.049 [DEBUG] [module/model/MSST_WebUI/inference/msst_infer.py:168] Saved karaoke for [Moozzi2] Steins;Gate - 20 (BD 1920x1080 x.265 Flac)_karaoke.wav in ./data/audio_wav
09:30:33.679 [DEBUG] [module/model/MSST_WebUI/inference/msst_infer.py:168] Saved other for [Moozzi2] Steins;Gate - 20 (BD 1920x1080 x.265 Flac)_other.wav in ./data/audio_wav
09:30:35.300 [DEBUG] [module/model/MSST_WebUI/inference/msst_infer.py:157] Starting separation process for audio_file: ./data/audio_wav/[Moozzi2] Steins;Gate - 21 (BD 1920x1080 x.265 Flac).wav
09:30:35.301 [DEBUG] [module/model/MSST_WebUI/inference/msst_infer.py:182] Target instrument is not null, set primary_stem to target_instrument, secondary_stem will be calculated by mix - target_instrument
09:31:49.622 [DEBUG] [module/model/MSST_WebUI/inference/msst_infer.py:203] Finished demixing tracks.
09:31:49.746 [DEBUG] [module/model/MSST_WebUI/inference/msst_infer.py:219] Starting to extract waveforms for instruments: ['karaoke']
09:31:49.746 [DEBUG] [module/model/MSST_WebUI/inference/msst_infer.py:233] target_instrument is not null, extracting instrumental from karaoke, other_instruments: ['other']
09:31:49.827 [DEBUG] [module/model/MSST_WebUI/inference/msst_infer.py:245] Separation process completed.
09:31:49.835 [DEBUG] [module/model/MSST_WebUI/inference/msst_infer.py:159] Separation audio_file: ./data/audio_wav/[Moozzi2] Steins;Gate - 21 (BD 1920x1080 x.265 Flac).wav completed. Starting to save results.
09:31:52.422 [DEBUG] [module/model/MSST_WebUI/inference/msst_infer.py:168] Saved karaoke for [Moozzi2] Steins;Gate - 21 (BD 1920x1080 x.265 Flac)_karaoke.wav in ./data/audio_wav
09:31:55.037 [DEBUG] [module/model/MSST_WebUI/inference/msst_infer.py:168] Saved other for [Moozzi2] Steins;Gate - 21 (BD 1920x1080 x.265 Flac)_other.wav in ./data/audio_wav
09:31:56.701 [DEBUG] [module/model/MSST_WebUI/inference/msst_infer.py:157] Starting separation process for audio_file: ./data/audio_wav/[Moozzi2] Steins;Gate - 22 (BD 1920x1080 x.265 Flac).wav
09:31:56.702 [DEBUG] [module/model/MSST_WebUI/inference/msst_infer.py:182] Target instrument is not null, set primary_stem to target_instrument, secondary_stem will be calculated by mix - target_instrument
09:33:11.502 [DEBUG] [module/model/MSST_WebUI/inference/msst_infer.py:203] Finished demixing tracks.
09:33:11.814 [DEBUG] [module/model/MSST_WebUI/inference/msst_infer.py:219] Starting to extract waveforms for instruments: ['karaoke']
09:33:11.814 [DEBUG] [module/model/MSST_WebUI/inference/msst_infer.py:233] target_instrument is not null, extracting instrumental from karaoke, other_instruments: ['other']
09:33:11.901 [DEBUG] [module/model/MSST_WebUI/inference/msst_infer.py:245] Separation process completed.
09:33:11.910 [DEBUG] [module/model/MSST_WebUI/inference/msst_infer.py:159] Separation audio_file: ./data/audio_wav/[Moozzi2] Steins;Gate - 22 (BD 1920x1080 x.265 Flac).wav completed. Starting to save results.
09:33:14.540 [DEBUG] [module/model/MSST_WebUI/inference/msst_infer.py:168] Saved karaoke for [Moozzi2] Steins;Gate - 22 (BD 1920x1080 x.265 Flac)_karaoke.wav in ./data/audio_wav
09:33:17.181 [DEBUG] [module/model/MSST_WebUI/inference/msst_infer.py:168] Saved other for [Moozzi2] Steins;Gate - 22 (BD 1920x1080 x.265 Flac)_other.wav in ./data/audio_wav
09:33:18.802 [DEBUG] [module/model/MSST_WebUI/inference/msst_infer.py:157] Starting separation process for audio_file: ./data/audio_wav/[Moozzi2] Steins;Gate - 23 (BD 1920x1080 x.265 Flac).wav
09:33:18.802 [DEBUG] [module/model/MSST_WebUI/inference/msst_infer.py:182] Target instrument is not null, set primary_stem to target_instrument, secondary_stem will be calculated by mix - target_instrument
09:34:32.831 [DEBUG] [module/model/MSST_WebUI/inference/msst_infer.py:203] Finished demixing tracks.
09:34:32.958 [DEBUG] [module/model/MSST_WebUI/inference/msst_infer.py:219] Starting to extract waveforms for instruments: ['karaoke']
09:34:32.959 [DEBUG] [module/model/MSST_WebUI/inference/msst_infer.py:233] target_instrument is not null, extracting instrumental from karaoke, other_instruments: ['other']
09:34:33.222 [DEBUG] [module/model/MSST_WebUI/inference/msst_infer.py:245] Separation process completed.
09:34:33.230 [DEBUG] [module/model/MSST_WebUI/inference/msst_infer.py:159] Separation audio_file: ./data/audio_wav/[Moozzi2] Steins;Gate - 23 (BD 1920x1080 x.265 Flac).wav completed. Starting to save results.
09:34:35.857 [DEBUG] [module/model/MSST_WebUI/inference/msst_infer.py:168] Saved karaoke for [Moozzi2] Steins;Gate - 23 (BD 1920x1080 x.265 Flac)_karaoke.wav in ./data/audio_wav
09:34:38.475 [DEBUG] [module/model/MSST_WebUI/inference/msst_infer.py:168] Saved other for [Moozzi2] Steins;Gate - 23 (BD 1920x1080 x.265 Flac)_other.wav in ./data/audio_wav
09:34:40.152 [DEBUG] [module/model/MSST_WebUI/inference/msst_infer.py:157] Starting separation process for audio_file: ./data/audio_wav/[Moozzi2] Steins;Gate - 24 END (BD 1920x1080 x.265 Flac).wav
09:34:40.153 [DEBUG] [module/model/MSST_WebUI/inference/msst_infer.py:182] Target instrument is not null, set primary_stem to target_instrument, secondary_stem will be calculated by mix - target_instrument
09:35:54.389 [DEBUG] [module/model/MSST_WebUI/inference/msst_infer.py:203] Finished demixing tracks.
09:35:54.509 [DEBUG] [module/model/MSST_WebUI/inference/msst_infer.py:219] Starting to extract waveforms for instruments: ['karaoke']
09:35:54.510 [DEBUG] [module/model/MSST_WebUI/inference/msst_infer.py:233] target_instrument is not null, extracting instrumental from karaoke, other_instruments: ['other']
09:35:54.586 [DEBUG] [module/model/MSST_WebUI/inference/msst_infer.py:245] Separation process completed.
09:35:54.595 [DEBUG] [module/model/MSST_WebUI/inference/msst_infer.py:159] Separation audio_file: ./data/audio_wav/[Moozzi2] Steins;Gate - 24 END (BD 1920x1080 x.265 Flac).wav completed. Starting to save results.
09:35:57.146 [DEBUG] [module/model/MSST_WebUI/inference/msst_infer.py:168] Saved karaoke for [Moozzi2] Steins;Gate - 24 END (BD 1920x1080 x.265 Flac)_karaoke.wav in ./data/audio_wav
09:35:59.709 [DEBUG] [module/model/MSST_WebUI/inference/msst_infer.py:168] Saved other for [Moozzi2] Steins;Gate - 24 END (BD 1920x1080 x.265 Flac)_other.wav in ./data/audio_wav
09:36:01.353 [DEBUG] [module/model/MSST_WebUI/inference/msst_infer.py:157] Starting separation process for audio_file: ./data/audio_wav/[Moozzi2] Steins;Gate - 25 OVA (BD 1920x1080 x.265 Flac).wav
09:36:01.353 [DEBUG] [module/model/MSST_WebUI/inference/msst_infer.py:182] Target instrument is not null, set primary_stem to target_instrument, secondary_stem will be calculated by mix - target_instrument
09:37:17.671 [DEBUG] [module/model/MSST_WebUI/inference/msst_infer.py:203] Finished demixing tracks.
09:37:17.795 [DEBUG] [module/model/MSST_WebUI/inference/msst_infer.py:219] Starting to extract waveforms for instruments: ['karaoke']
09:37:17.795 [DEBUG] [module/model/MSST_WebUI/inference/msst_infer.py:233] target_instrument is not null, extracting instrumental from karaoke, other_instruments: ['other']
09:37:17.877 [DEBUG] [module/model/MSST_WebUI/inference/msst_infer.py:245] Separation process completed.
09:37:17.993 [DEBUG] [module/model/MSST_WebUI/inference/msst_infer.py:159] Separation audio_file: ./data/audio_wav/[Moozzi2] Steins;Gate - 25 OVA (BD 1920x1080 x.265 Flac).wav completed. Starting to save results.
09:37:20.724 [DEBUG] [module/model/MSST_WebUI/inference/msst_infer.py:168] Saved karaoke for [Moozzi2] Steins;Gate - 25 OVA (BD 1920x1080 x.265 Flac)_karaoke.wav in ./data/audio_wav
09:37:23.387 [DEBUG] [module/model/MSST_WebUI/inference/msst_infer.py:168] Saved other for [Moozzi2] Steins;Gate - 25 OVA (BD 1920x1080 x.265 Flac)_other.wav in ./data/audio_wav
09:37:23.394 [DEBUG] [module/model/MSST_WebUI/inference/msst_infer.py:274] Running garbage collection...
09:37:23.558 [DEBUG] [module/model/MSST_WebUI/inference/msst_infer.py:280] Clearing CUDA cache...
